<?xml version="1.0" encoding="UTF-8"?>
<testng-results ignored="0" total="4" passed="4" failed="0" skipped="0">
  <reporter-output>
  </reporter-output>
  <suite started-at="2023-07-03T11:40:09 IST" name="Default suite" finished-at="2023-07-03T11:40:41 IST" duration-ms="32341">
    <groups>
      <group name="cucumber">
        <method signature="AbstractTestNGCucumberTests.runScenario(io.cucumber.testng.PickleWrapper,io.cucumber.testng.FeatureWrapper)[pri:0, instance:cucumberOptions.Testrunner@16eb3ea3]" name="runScenario" class="io.cucumber.testng.AbstractTestNGCucumberTests"/>
      </group> <!-- cucumber -->
    </groups>
    <test started-at="2023-07-03T11:40:09 IST" name="Default test" finished-at="2023-07-03T11:40:41 IST" duration-ms="32341">
      <class name="cucumberOptions.Testrunner">
        <test-method is-config="true" signature="setUpClass(org.testng.ITestContext)[pri:0, instance:cucumberOptions.Testrunner@16eb3ea3]" started-at="2023-07-03T11:40:09 IST" name="setUpClass" finished-at="2023-07-03T11:40:10 IST" duration-ms="1491" status="PASS">
          <params>
            <param index="0">
              <value>
                <![CDATA[org.testng.TestRunner@128a188a]]>
              </value>
            </param>
          </params>
          <reporter-output>
          </reporter-output>
        </test-method> <!-- setUpClass -->
        <test-method signature="runScenario(io.cucumber.testng.PickleWrapper,io.cucumber.testng.FeatureWrapper)[pri:0, instance:cucumberOptions.Testrunner@16eb3ea3]" started-at="2023-07-03T11:40:10 IST" name="runScenario" description="Runs Cucumber Scenarios" data-provider="scenarios" finished-at="2023-07-03T11:40:20 IST" duration-ms="9853" status="PASS">
          <params>
            <param index="0">
              <value>
                <![CDATA["Add a product to cart and Verify it is added in cart"]]>
              </value>
            </param>
            <param index="1">
              <value>
                <![CDATA["Add a product to Cart"]]>
              </value>
            </param>
          </params>
          <reporter-output>
          </reporter-output>
        </test-method> <!-- runScenario -->
        <test-method signature="runScenario(io.cucumber.testng.PickleWrapper,io.cucumber.testng.FeatureWrapper)[pri:0, instance:cucumberOptions.Testrunner@16eb3ea3]" started-at="2023-07-03T11:40:20 IST" name="runScenario" description="Runs Cucumber Scenarios" data-provider="scenarios" finished-at="2023-07-03T11:40:26 IST" duration-ms="5469" status="PASS">
          <params>
            <param index="0">
              <value>
                <![CDATA["Verify the Home Page Search Functionality"]]>
              </value>
            </param>
            <param index="1">
              <value>
                <![CDATA["Verify unified search result across all search fields"]]>
              </value>
            </param>
          </params>
          <reporter-output>
          </reporter-output>
        </test-method> <!-- runScenario -->
        <test-method signature="runScenario(io.cucumber.testng.PickleWrapper,io.cucumber.testng.FeatureWrapper)[pri:0, instance:cucumberOptions.Testrunner@16eb3ea3]" started-at="2023-07-03T11:40:26 IST" name="runScenario" description="Runs Cucumber Scenarios" data-provider="scenarios" finished-at="2023-07-03T11:40:32 IST" duration-ms="5772" status="PASS">
          <params>
            <param index="0">
              <value>
                <![CDATA["Verify the Offer Page Search Functionality"]]>
              </value>
            </param>
            <param index="1">
              <value>
                <![CDATA["Verify unified search result across all search fields"]]>
              </value>
            </param>
          </params>
          <reporter-output>
          </reporter-output>
        </test-method> <!-- runScenario -->
        <test-method signature="runScenario(io.cucumber.testng.PickleWrapper,io.cucumber.testng.FeatureWrapper)[pri:0, instance:cucumberOptions.Testrunner@16eb3ea3]" started-at="2023-07-03T11:40:32 IST" name="runScenario" description="Runs Cucumber Scenarios" data-provider="scenarios" finished-at="2023-07-03T11:40:36 IST" duration-ms="4453" status="PASS">
          <params>
            <param index="0">
              <value>
                <![CDATA["Verify the Offer Page Search Functionality"]]>
              </value>
            </param>
            <param index="1">
              <value>
                <![CDATA["Verify unified search result across all search fields"]]>
              </value>
            </param>
          </params>
          <reporter-output>
          </reporter-output>
        </test-method> <!-- runScenario -->
        <test-method is-config="true" signature="tearDownClass()[pri:0, instance:cucumberOptions.Testrunner@16eb3ea3]" started-at="2023-07-03T11:40:36 IST" name="tearDownClass" finished-at="2023-07-03T11:40:41 IST" duration-ms="5229" status="PASS">
          <reporter-output>
          </reporter-output>
        </test-method> <!-- tearDownClass -->
      </class> <!-- cucumberOptions.Testrunner -->
    </test> <!-- Default test -->
  </suite> <!-- Default suite -->
</testng-results>
